<?xml version="1.0" encoding="UTF-8"?>
<testng-results ignored="0" total="2" passed="2" failed="0" skipped="0">
  <reporter-output>
  </reporter-output>
  <suite started-at="2022-11-05T19:46:51 EET" name="Default suite" finished-at="2022-11-05T19:47:08 EET" duration-ms="16337">
    <groups>
    </groups>
    <test started-at="2022-11-05T19:46:51 EET" name="Default test" finished-at="2022-11-05T19:47:08 EET" duration-ms="16337">
      <class name="Tests.SignUpAndLoginTest">
        <test-method is-config="true" signature="startDriver()[pri:0, instance:Tests.SignUpAndLoginTest@158a8276]" started-at="2022-11-05T19:46:45 EET" name="startDriver" finished-at="2022-11-05T19:46:51 EET" duration-ms="6577" status="PASS">
          <reporter-output>
          </reporter-output>
        </test-method> <!-- startDriver -->
        <test-method is-config="true" signature="GenerateData()[pri:0, instance:Tests.SignUpAndLoginTest@158a8276]" started-at="2022-11-05T19:46:51 EET" name="GenerateData" finished-at="2022-11-05T19:46:54 EET" duration-ms="3059" status="PASS">
          <reporter-output>
          </reporter-output>
        </test-method> <!-- GenerateData -->
        <test-method signature="Registration()[pri:1, instance:Tests.SignUpAndLoginTest@158a8276]" started-at="2022-11-05T19:46:54 EET" name="Registration" finished-at="2022-11-05T19:47:01 EET" duration-ms="6558" status="PASS">
          <reporter-output>
          </reporter-output>
        </test-method> <!-- Registration -->
        <test-method signature="Login()[pri:2, instance:Tests.SignUpAndLoginTest@158a8276]" started-at="2022-11-05T19:47:01 EET" name="Login" finished-at="2022-11-05T19:47:08 EET" duration-ms="6697" status="PASS">
          <reporter-output>
          </reporter-output>
        </test-method> <!-- Login -->
      </class> <!-- Tests.SignUpAndLoginTest -->
    </test> <!-- Default test -->
  </suite> <!-- Default suite -->
</testng-results>
